<?xml version="1.0" encoding="UTF-8"?>
<!-- Generated by org.testng.reporters.JUnitReportReporter -->
<testsuite skipped="0" hostname="WINCTRL-HCOKKA5" name="com.selenium.testng.GroupTest" tests="7" failures="0" timestamp="04 Feb 2018 10:43:01 GMT" time="0.051" errors="0">
  <testcase name="Test2" time="0.025" classname="com.selenium.testng.GroupTest"/>
  <testcase name="gmailTest4" time="0.013" classname="com.selenium.testng.GroupTest"/>
  <testcase name="gmailTest" time="0.002" classname="com.selenium.testng.GroupTest"/>
  <testcase name="textTest3" time="0.002" classname="com.selenium.testng.GroupTest"/>
  <testcase name="yutubTest5" time="0.003" classname="com.selenium.testng.GroupTest"/>
  <testcase name="linksTest6" time="0.003" classname="com.selenium.testng.GroupTest"/>
  <testcase name="Test1" time="0.003" classname="com.selenium.testng.GroupTest"/>
</testsuite> <!-- com.selenium.testng.GroupTest -->
