<?xml version="1.0" encoding="UTF-8"?>
<!-- Generated by org.testng.reporters.JUnitReportReporter -->
<testsuite skipped="0" hostname="WINCTRL-HCOKKA5" name="com.selenium.basics.CommonClass" tests="1" failures="0" timestamp="04 Feb 2018 10:46:19 GMT" time="17.916" errors="0">
  <testcase name="test" time="17.916" classname="com.selenium.basics.CommonClass"/>
</testsuite> <!-- com.selenium.basics.CommonClass -->
