<?xml version="1.0" encoding="UTF-8"?>
<!-- Generated by org.testng.reporters.JUnitReportReporter -->
<testsuite skipped="0" hostname="WINCTRL-HCOKKA5" name="com.selenium.logicalscripts.Log4jTest" tests="1" failures="0" timestamp="06 Mar 2018 10:40:44 GMT" time="39.061" errors="0">
  <testcase name="logTest" time="39.061" classname="com.selenium.logicalscripts.Log4jTest"/>
</testsuite> <!-- com.selenium.logicalscripts.Log4jTest -->
