<?xml version="1.0" encoding="UTF-8"?>
<!-- Generated by org.testng.reporters.JUnitReportReporter -->
<testsuite skipped="0" hostname="WINCTRL-HCOKKA5" name="com.selenium.logicalscripts.AjaxDemo" tests="1" failures="0" timestamp="13 Mar 2018 03:04:17 GMT" time="30.387" errors="0">
  <testcase name="ajaxTest" time="30.387" classname="com.selenium.logicalscripts.AjaxDemo"/>
</testsuite> <!-- com.selenium.logicalscripts.AjaxDemo -->
