<?xml version="1.0" encoding="UTF-8"?>
<!-- Generated by org.testng.reporters.JUnitReportReporter -->
<testsuite skipped="0" hostname="WINCTRL-HCOKKA5" name="com.selenium.logicalscripts.BrowserSlider" tests="1" failures="0" timestamp="16 Mar 2018 10:19:19 GMT" time="35.461" errors="0">
  <testcase name="testBrowserSlider" time="35.461" classname="com.selenium.logicalscripts.BrowserSlider"/>
</testsuite> <!-- com.selenium.logicalscripts.BrowserSlider -->
