<?xml version="1.0" encoding="UTF-8"?>
<!-- Generated by org.testng.reporters.JUnitReportReporter -->
<testsuite skipped="0" hostname="WINCTRL-HCOKKA5" name="com.selenium.logicalscripts.WebTableDemo" tests="1" failures="0" timestamp="12 Mar 2018 11:56:09 GMT" time="55.019" errors="0">
  <testcase name="webTableTest" time="55.019" classname="com.selenium.logicalscripts.WebTableDemo"/>
</testsuite> <!-- com.selenium.logicalscripts.WebTableDemo -->
