<?xml version="1.0" encoding="UTF-8"?>
<!-- Generated by org.testng.reporters.JUnitReportReporter -->
<testsuite skipped="0" hostname="WINCTRL-HCOKKA5" name="com.selenium.testng.SoftAssertionHardAssertion" tests="1" failures="0" timestamp="08 Feb 2018 06:40:58 GMT" time="0.040" errors="0">
  <testcase name="test" time="0.040" classname="com.selenium.testng.SoftAssertionHardAssertion"/>
</testsuite> <!-- com.selenium.testng.SoftAssertionHardAssertion -->
