<?xml version="1.0" encoding="UTF-8"?>
<!-- Generated by org.testng.reporters.JUnitReportReporter -->
<testsuite skipped="0" hostname="WINCTRL-HCOKKA5" name="com.selenium.testng.TestNGAnnotationsExecutionOrder" tests="2" failures="0" timestamp="04 Feb 2018 10:43:01 GMT" time="0.023" errors="0">
  <testcase name="test2" time="0.006" classname="com.selenium.testng.TestNGAnnotationsExecutionOrder"/>
  <testcase name="test1" time="0.017" classname="com.selenium.testng.TestNGAnnotationsExecutionOrder"/>
</testsuite> <!-- com.selenium.testng.TestNGAnnotationsExecutionOrder -->
