<?xml version="1.0" encoding="UTF-8"?>
<!-- Generated by org.testng.reporters.JUnitReportReporter -->
<testsuite skipped="0" hostname="WINCTRL-HCOKKA5" name="com.selenium.logicalscripts.WebTableDemo1" tests="1" failures="0" timestamp="12 Mar 2018 11:48:49 GMT" time="19.900" errors="0">
  <testcase name="webtableTest" time="19.900" classname="com.selenium.logicalscripts.WebTableDemo1"/>
</testsuite> <!-- com.selenium.logicalscripts.WebTableDemo1 -->
