<?xml version="1.0" encoding="UTF-8"?>
<!-- Generated by org.testng.reporters.JUnitReportReporter -->
<testsuite skipped="0" hostname="WINCTRL-HCOKKA5" name="com.selenium.testng.DependencyTest" tests="4" failures="0" timestamp="04 Feb 2018 09:59:37 GMT" time="0.037" errors="0">
  <testcase name="gmailTest" time="0.026" classname="com.selenium.testng.DependencyTest"/>
  <testcase name="browseTest" time="0.003" classname="com.selenium.testng.DependencyTest"/>
  <testcase name="loginTest" time="0.004" classname="com.selenium.testng.DependencyTest"/>
  <testcase name="textTest" time="0.004" classname="com.selenium.testng.DependencyTest"/>
</testsuite> <!-- com.selenium.testng.DependencyTest -->
