<?xml version="1.0" encoding="UTF-8"?>
<!-- Generated by org.testng.reporters.JUnitReportReporter -->
<testsuite skipped="0" hostname="WINCTRL-HCOKKA5" name="com.selenium.logicalscripts.DragNDrop" tests="1" failures="0" timestamp="13 Mar 2018 11:11:46 GMT" time="21.428" errors="0">
  <testcase name="dragNdropTest" time="21.428" classname="com.selenium.logicalscripts.DragNDrop"/>
</testsuite> <!-- com.selenium.logicalscripts.DragNDrop -->
