<?xml version="1.0" encoding="UTF-8"?>
<!-- Generated by org.testng.reporters.JUnitReportReporter -->
<testsuite skipped="0" hostname="WINCTRL-HCOKKA5" name="com.selenium.logicalscripts.BrowserHistory" tests="1" failures="0" timestamp="16 Mar 2018 10:19:19 GMT" time="24.331" errors="0">
  <testcase name="testBrowserHistory" time="24.331" classname="com.selenium.logicalscripts.BrowserHistory"/>
</testsuite> <!-- com.selenium.logicalscripts.BrowserHistory -->
