<?xml version="1.0" encoding="UTF-8"?>
<!-- Generated by org.testng.reporters.JUnitReportReporter -->
<testsuite skipped="0" hostname="WINCTRL-HCOKKA5" name="com.selenium.synchronization.ExplicitWait" tests="1" failures="0" timestamp="23 Feb 2018 08:11:43 GMT" time="53.972" errors="0">
  <testcase name="test" time="53.972" classname="com.selenium.synchronization.ExplicitWait"/>
</testsuite> <!-- com.selenium.synchronization.ExplicitWait -->
