<?xml version="1.0" encoding="UTF-8"?>
<!-- Generated by org.testng.reporters.JUnitReportReporter -->
<testsuite skipped="0" hostname="WINCTRL-HCOKKA5" name="com.selenium.testng.datadrivenaproches.ParameterDataDriven" tests="1" failures="0" timestamp="07 Feb 2018 05:22:25 GMT" time="20.145" errors="0">
  <testcase name="testFbLogin" time="20.145" classname="com.selenium.testng.datadrivenaproches.ParameterDataDriven"/>
</testsuite> <!-- com.selenium.testng.datadrivenaproches.ParameterDataDriven -->
