<?xml version="1.0" encoding="UTF-8"?>
<!-- Generated by org.testng.reporters.JUnitReportReporter -->
<testsuite skipped="0" hostname="WINCTRL-HCOKKA5" name="com.selenium.logicalscripts.AutoCompleateDemo" tests="1" failures="0" timestamp="13 Mar 2018 03:36:06 GMT" time="50.690" errors="0">
  <testcase name="autoSugetionTest" time="50.690" classname="com.selenium.logicalscripts.AutoCompleateDemo"/>
</testsuite> <!-- com.selenium.logicalscripts.AutoCompleateDemo -->
