<?xml version="1.0" encoding="UTF-8"?>
<!-- Generated by org.testng.reporters.JUnitReportReporter -->
<testsuite skipped="0" hostname="WINCTRL-HCOKKA5" name="com.selenium.logicalscripts.IsEnableIsDisplayedIsSelected" tests="1" failures="0" timestamp="08 Feb 2018 07:03:56 GMT" time="18.809" errors="0">
  <testcase name="testIsEnableIsSelectedIsDisplyed" time="18.809" classname="com.selenium.logicalscripts.IsEnableIsDisplayedIsSelected"/>
</testsuite> <!-- com.selenium.logicalscripts.IsEnableIsDisplayedIsSelected -->
