<?xml version="1.0" encoding="UTF-8"?>
<!-- Generated by org.testng.reporters.JUnitReportReporter -->
<testsuite skipped="0" hostname="WINCTRL-HCOKKA5" name="com.selenium.logicalscripts.FramesDemo" tests="1" failures="0" timestamp="04 Mar 2018 05:01:17 GMT" time="30.185" errors="0">
  <testcase name="testFrame" time="30.185" classname="com.selenium.logicalscripts.FramesDemo"/>
</testsuite> <!-- com.selenium.logicalscripts.FramesDemo -->
