<?xml version="1.0" encoding="UTF-8"?>
<!-- Generated by org.testng.reporters.JUnitReportReporter -->
<testsuite skipped="0" hostname="WINCTRL-HCOKKA5" name="com.selenium.testng.InvocationCountTest" tests="5" failures="0" timestamp="04 Feb 2018 10:43:01 GMT" time="0.010" errors="0">
  <testcase name="sumOfTwoNumbers" time="0.002" classname="com.selenium.testng.InvocationCountTest"/>
  <testcase name="sumOfTwoNumbers" time="0.002" classname="com.selenium.testng.InvocationCountTest"/>
  <testcase name="sumOfTwoNumbers" time="0.002" classname="com.selenium.testng.InvocationCountTest"/>
  <testcase name="sumOfTwoNumbers" time="0.002" classname="com.selenium.testng.InvocationCountTest"/>
  <testcase name="sumOfTwoNumbers" time="0.002" classname="com.selenium.testng.InvocationCountTest"/>
</testsuite> <!-- com.selenium.testng.InvocationCountTest -->
