<?xml version="1.0" encoding="UTF-8"?>
<!-- Generated by org.testng.reporters.JUnitReportReporter -->
<testsuite skipped="0" hostname="WINCTRL-HCOKKA5" name="com.selenium.testng.PriorityTest" tests="3" failures="0" timestamp="04 Feb 2018 10:43:01 GMT" time="37.005" errors="0">
  <testcase name="googlePageLaunch" time="12.164" classname="com.selenium.testng.PriorityTest"/>
  <testcase name="googleText" time="14.229" classname="com.selenium.testng.PriorityTest"/>
  <testcase name="googleSearchTextField" time="10.612" classname="com.selenium.testng.PriorityTest"/>
</testsuite> <!-- com.selenium.testng.PriorityTest -->
